[02-23 19:16:40]: [INFO] SQLite driver loaded
[02-23 19:16:42]: [INFO] SQLite Setup finished
[02-23 19:16:42]: [INFO] Hooked into Vault!
[02-23 19:16:42]: [INFO] Hooked successfully into Essentials
[02-23 19:16:42]: [INFO] Hooked successfully into Multiverse-Core
[02-23 19:16:42]: [INFO] Essentials spawn file not found: '/home/tw22885431/minecraft_bukkit_1.11.2/plugins/Essentials/spawn.yml'
[02-23 19:16:42]: [WARN] WARNING! The protectInventory feature requires ProtocolLib! Disabling it...
[02-23 19:16:42]: [INFO] Development builds are available on our jenkins, thanks to f14stelt.
[02-23 19:16:42]: [INFO] Do you want a good game server? Look at our sponsor GameHosting.it leader in Italy as Game Server Provider!
[02-23 19:16:42]: [INFO] AuthMe 5.2 build n.1542 correctly enabled!
[02-23 19:17:08]: [FINE] Ellis_Fahregart registered 1.34.4.93
[02-23 19:17:08]: [FINE] Ellis_Fahregart logged in!
[02-23 19:17:08]: [INFO] [LICENSE] This product uses data from the GeoLite API created by MaxMind, available at http://www.maxmind.com
[02-23 19:23:09]: [FINE] Ellis_Fahregart logged in!
[02-23 19:27:29]: [INFO] AuthMe 5.2-b1542 disabled!
[02-23 19:48:22]: [INFO] SQLite driver loaded
[02-23 19:48:22]: [INFO] SQLite Setup finished
[02-23 19:48:22]: [INFO] Hooked into Vault!
[02-23 19:48:22]: [INFO] Hooked successfully into Essentials
[02-23 19:48:22]: [INFO] Hooked successfully into Multiverse-Core
[02-23 19:48:23]: [INFO] [LICENSE] This product uses data from the GeoLite API created by MaxMind, available at http://www.maxmind.com
[02-23 19:48:23]: [INFO] Essentials spawn file not found: '/home/tw22885431/minecraft_bukkit_1.11.2/plugins/Essentials/spawn.yml'
[02-23 19:48:23]: [WARN] WARNING! The protectInventory feature requires ProtocolLib! Disabling it...
[02-23 19:48:23]: [INFO] Development builds are available on our jenkins, thanks to f14stelt.
[02-23 19:48:23]: [INFO] Do you want a good game server? Look at our sponsor GameHosting.it leader in Italy as Game Server Provider!
[02-23 19:48:23]: [INFO] AuthMe 5.2 build n.1542 correctly enabled!
[02-23 19:52:19]: [INFO] AuthMe 5.2-b1542 disabled!
[02-23 20:01:30]: [INFO] SQLite driver loaded
[02-23 20:01:30]: [INFO] SQLite Setup finished
[02-23 20:01:30]: [INFO] Hooked into Vault!
[02-23 20:01:30]: [INFO] Hooked successfully into Essentials
[02-23 20:01:30]: [INFO] Hooked successfully into Multiverse-Core
[02-23 20:01:30]: [INFO] Essentials spawn file not found: '/home/tw22885431/minecraft_bukkit_1.11.2/plugins/Essentials/spawn.yml'
[02-23 20:01:30]: [INFO] [LICENSE] This product uses data from the GeoLite API created by MaxMind, available at http://www.maxmind.com
[02-23 20:01:30]: [WARN] WARNING! The protectInventory feature requires ProtocolLib! Disabling it...
[02-23 20:01:31]: [INFO] Development builds are available on our jenkins, thanks to f14stelt.
[02-23 20:01:31]: [INFO] Do you want a good game server? Look at our sponsor GameHosting.it leader in Italy as Game Server Provider!
[02-23 20:01:31]: [INFO] AuthMe 5.2 build n.1542 correctly enabled!
[02-23 20:07:37]: [FINE] Ghost_yoin registered 219.69.9.224
[02-23 20:07:37]: [FINE] Ghost_yoin logged in!
[02-23 20:12:15]: [FINE] Austerity5200 registered 118.150.51.191
[02-23 20:12:15]: [FINE] Austerity5200 logged in!
[02-23 20:14:11]: [FINE] AppleNi_0806 registered 118.233.215.169
[02-23 20:14:12]: [FINE] AppleNi_0806 logged in!
[02-23 20:15:36]: [FINE] axcr89674 registered 111.251.130.193
[02-23 20:15:36]: [FINE] axcr89674 logged in!
[02-23 20:15:57]: [FINE] AppleNi_0806 logged in!
[02-23 20:16:02]: [FINE] Ellis_Fahregart logged in!
[02-23 20:16:55]: [FINE] axcr89674 logged in!
[02-23 20:20:57]: [FINE] Pineapple_0201 registered 118.233.215.169
[02-23 20:20:57]: [FINE] The user Pineapple_0201 has 2 accounts:
[02-23 20:20:57]: [FINE] §7§aAppleNi_0806§7, §aPineapple_0201§7.
[02-23 20:20:57]: [FINE] Pineapple_0201 logged in!
[02-23 20:39:38]: [FINE] Brave_Penguin registered 118.168.101.20
[02-23 20:39:38]: [FINE] Brave_Penguin logged in!
[02-23 20:40:45]: [FINE] Brave_Penguin logged in!
[02-23 20:43:10]: [FINE] Brave_Penguin logged in!
[02-23 20:44:02]: [FINE] Brave_Penguin logged in!
[02-23 20:45:57]: [FINE] DawdleSauce registered 119.77.247.250
[02-23 20:45:57]: [FINE] DawdleSauce logged in!
[02-23 20:51:25]: [INFO] AuthMe 5.2-b1542 disabled!
[02-23 20:52:31]: [INFO] SQLite driver loaded
[02-23 20:52:31]: [INFO] SQLite Setup finished
[02-23 20:52:31]: [INFO] Hooked into Vault!
[02-23 20:52:31]: [INFO] Hooked successfully into Essentials
[02-23 20:52:31]: [INFO] Hooked successfully into Multiverse-Core
[02-23 20:52:31]: [INFO] Essentials spawn file not found: '/home/tw22885431/minecraft_bukkit_1.11.2/plugins/Essentials/spawn.yml'
[02-23 20:52:31]: [INFO] [LICENSE] This product uses data from the GeoLite API created by MaxMind, available at http://www.maxmind.com
[02-23 20:52:31]: [WARN] WARNING! The protectInventory feature requires ProtocolLib! Disabling it...
[02-23 20:52:31]: [INFO] Development builds are available on our jenkins, thanks to f14stelt.
[02-23 20:52:31]: [INFO] Do you want a good game server? Look at our sponsor GameHosting.it leader in Italy as Game Server Provider!
[02-23 20:52:31]: [INFO] AuthMe 5.2 build n.1542 correctly enabled!
[02-23 20:52:43]: [FINE] Ellis_Fahregart logged in!
[02-23 20:52:45]: [FINE] Ghost_yoin used the wrong password
[02-23 20:52:48]: [FINE] The user Pineapple_0201 has 2 accounts:
[02-23 20:52:48]: [FINE] §7§aAppleNi_0806§7, §aPineapple_0201§7.
[02-23 20:52:48]: [FINE] Pineapple_0201 logged in!
[02-23 20:52:48]: [FINE] Austerity5200 logged in!
[02-23 20:52:52]: [FINE] axcr89674 logged in!
[02-23 20:52:55]: [FINE] Ghost_yoin used the wrong password
[02-23 20:53:04]: [FINE] The user AppleNi_0806 has 2 accounts:
[02-23 20:53:04]: [FINE] §7§aAppleNi_0806§7, §aPineapple_0201§7.
[02-23 20:53:04]: [FINE] AppleNi_0806 logged in!
[02-23 20:53:08]: [FINE] Ghost_yoin logged in!
[02-23 20:53:19]: [FINE] Brave_Penguin logged in!
[02-23 21:09:31]: [FINE] DawdleSauce logged in!
[02-23 21:16:46]: [FINE] xXItzFuiWenXx registered 42.98.253.240
[02-23 21:16:46]: [FINE] xXItzFuiWenXx logged in!
[02-23 21:33:37]: [FINE] axcr89674 logged in!
[02-23 21:33:54]: [FINE] Ellis_Fahregart logged in!
[02-23 21:33:58]: [FINE] wendy1219 registered 36.224.108.124
[02-23 21:33:58]: [FINE] wendy1219 logged in!
[02-23 21:35:23]: [FINE] HaxXrayonXPro registered 114.45.66.207
[02-23 21:35:23]: [FINE] HaxXrayonXPro logged in!
[02-23 21:55:13]: [INFO] AuthMe 5.2-b1542 disabled!
[02-24 11:35:55]: [INFO] SQLite driver loaded
[02-24 11:35:55]: [INFO] SQLite Setup finished
[02-24 11:35:55]: [INFO] Hooked into Vault!
[02-24 11:35:55]: [INFO] Hooked successfully into Essentials
[02-24 11:35:55]: [INFO] Hooked successfully into Multiverse-Core
[02-24 11:35:55]: [INFO] Essentials spawn file not found: '/home/tw22885431/minecraft_bukkit_1.11.2/plugins/Essentials/spawn.yml'
[02-24 11:35:55]: [INFO] [LICENSE] This product uses data from the GeoLite API created by MaxMind, available at http://www.maxmind.com
[02-24 11:35:55]: [WARN] WARNING! The protectInventory feature requires ProtocolLib! Disabling it...
[02-24 11:35:55]: [INFO] Development builds are available on our jenkins, thanks to f14stelt.
[02-24 11:35:55]: [INFO] Do you want a good game server? Look at our sponsor GameHosting.it leader in Italy as Game Server Provider!
[02-24 11:35:55]: [INFO] AuthMe 5.2 build n.1542 correctly enabled!
[02-24 11:36:54]: [FINE] Ellis_Fahregart logged in!
[02-24 11:50:53]: [INFO] AuthMe 5.2-b1542 disabled!
[02-24 11:51:39]: [INFO] SQLite driver loaded
[02-24 11:51:39]: [INFO] SQLite Setup finished
[02-24 11:51:39]: [INFO] Hooked into Vault!
[02-24 11:51:39]: [INFO] Hooked successfully into Essentials
[02-24 11:51:39]: [INFO] Hooked successfully into Multiverse-Core
[02-24 11:51:39]: [INFO] Essentials spawn file not found: '/home/tw22885431/minecraft_bukkit_1.11.2/plugins/Essentials/spawn.yml'
[02-24 11:51:39]: [INFO] [LICENSE] This product uses data from the GeoLite API created by MaxMind, available at http://www.maxmind.com
[02-24 11:51:39]: [WARN] WARNING! The protectInventory feature requires ProtocolLib! Disabling it...
[02-24 11:51:39]: [INFO] Development builds are available on our jenkins, thanks to f14stelt.
[02-24 11:51:39]: [INFO] Do you want a good game server? Look at our sponsor GameHosting.it leader in Italy as Game Server Provider!
[02-24 11:51:39]: [INFO] AuthMe 5.2 build n.1542 correctly enabled!
[02-24 19:58:12]: [INFO] AuthMe 5.2-b1542 disabled!
[02-24 19:58:46]: [INFO] SQLite driver loaded
[02-24 19:58:46]: [INFO] SQLite Setup finished
[02-24 19:58:46]: [INFO] Hooked into Vault!
[02-24 19:58:46]: [INFO] Hooked successfully into Essentials
[02-24 19:58:46]: [INFO] Hooked successfully into Multiverse-Core
[02-24 19:58:46]: [INFO] Essentials spawn file not found: '/home/tw22885431/minecraft_bukkit_1.11.2/plugins/Essentials/spawn.yml'
[02-24 19:58:46]: [INFO] [LICENSE] This product uses data from the GeoLite API created by MaxMind, available at http://www.maxmind.com
[02-24 19:58:46]: [WARN] WARNING! The protectInventory feature requires ProtocolLib! Disabling it...
[02-24 19:58:47]: [INFO] Development builds are available on our jenkins, thanks to f14stelt.
[02-24 19:58:47]: [INFO] Do you want a good game server? Look at our sponsor GameHosting.it leader in Italy as Game Server Provider!
[02-24 19:58:47]: [INFO] AuthMe 5.2 build n.1542 correctly enabled!
[02-24 20:12:43]: [FINE] Ghost_yoin logged in!
[02-24 20:24:54]: [FINE] The user AppleNi_0806 has 2 accounts:
[02-24 20:24:54]: [FINE] §7§aAppleNi_0806§7, pineapple_0201.
[02-24 20:24:54]: [FINE] AppleNi_0806 logged in!
[02-24 20:27:51]: [FINE] The user Pineapple_0201 has 2 accounts:
[02-24 20:27:51]: [FINE] §7§aAppleNi_0806§7, §aPineapple_0201§7.
[02-24 20:27:51]: [FINE] Pineapple_0201 logged in!
[02-24 20:53:44]: [FINE] xXItzFuiWenXx logged in!
[02-24 21:16:49]: [INFO] AuthMe 5.2-b1542 disabled!
[02-25 08:47:29]: [INFO] SQLite driver loaded
[02-25 08:47:29]: [INFO] SQLite Setup finished
[02-25 08:47:29]: [INFO] Hooked into Vault!
[02-25 08:47:29]: [INFO] Hooked successfully into Essentials
[02-25 08:47:29]: [INFO] Hooked successfully into Multiverse-Core
[02-25 08:47:29]: [INFO] Essentials spawn file not found: '/home/tw22885431/minecraft_bukkit_1.11.2/plugins/Essentials/spawn.yml'
[02-25 08:47:29]: [INFO] [LICENSE] This product uses data from the GeoLite API created by MaxMind, available at http://www.maxmind.com
[02-25 08:47:29]: [WARN] WARNING! The protectInventory feature requires ProtocolLib! Disabling it...
[02-25 08:47:29]: [INFO] Development builds are available on our jenkins, thanks to f14stelt.
[02-25 08:47:29]: [INFO] Do you want a good game server? Look at our sponsor GameHosting.it leader in Italy as Game Server Provider!
[02-25 08:47:29]: [INFO] AuthMe 5.2 build n.1542 correctly enabled!
[02-25 11:22:23]: [FINE] Ellis_Fahregart logged in!
[02-25 11:39:23]: [INFO] AuthMe 5.2-b1542 disabled!
[02-25 11:40:01]: [INFO] SQLite driver loaded
[02-25 11:40:01]: [INFO] SQLite Setup finished
[02-25 11:40:01]: [INFO] Hooked into Vault!
[02-25 11:40:01]: [INFO] Hooked successfully into Essentials
[02-25 11:40:01]: [INFO] Hooked successfully into Multiverse-Core
[02-25 11:40:01]: [INFO] Essentials spawn file not found: '/home/tw22885431/minecraft_bukkit_1.11.2/plugins/Essentials/spawn.yml'
[02-25 11:40:01]: [INFO] [LICENSE] This product uses data from the GeoLite API created by MaxMind, available at http://www.maxmind.com
[02-25 11:40:01]: [WARN] WARNING! The protectInventory feature requires ProtocolLib! Disabling it...
[02-25 11:40:01]: [INFO] Development builds are available on our jenkins, thanks to f14stelt.
[02-25 11:40:01]: [INFO] Do you want a good game server? Look at our sponsor GameHosting.it leader in Italy as Game Server Provider!
[02-25 11:40:01]: [INFO] AuthMe 5.2 build n.1542 correctly enabled!
[02-25 11:40:02]: [WARN] Error getting message with key 'timeout'. Please update your config file 'messages_en.yml' (or run /authme messages)
[02-25 11:40:02]: [WARN] Error getting message with key 'login_msg'. Please update your config file 'messages_en.yml' (or run /authme messages)
[02-25 11:40:27]: [INFO] AuthMe 5.2-b1542 disabled!
[02-25 11:41:20]: [INFO] SQLite driver loaded
[02-25 11:41:20]: [INFO] SQLite Setup finished
[02-25 11:41:20]: [INFO] Hooked into Vault!
[02-25 11:41:20]: [INFO] Hooked successfully into Essentials
[02-25 11:41:20]: [INFO] Hooked successfully into Multiverse-Core
[02-25 11:41:20]: [INFO] Essentials spawn file not found: '/home/tw22885431/minecraft_bukkit_1.11.2/plugins/Essentials/spawn.yml'
[02-25 11:41:20]: [INFO] [LICENSE] This product uses data from the GeoLite API created by MaxMind, available at http://www.maxmind.com
[02-25 11:41:20]: [WARN] WARNING! The protectInventory feature requires ProtocolLib! Disabling it...
[02-25 11:41:21]: [INFO] Development builds are available on our jenkins, thanks to f14stelt.
[02-25 11:41:21]: [INFO] Do you want a good game server? Look at our sponsor GameHosting.it leader in Italy as Game Server Provider!
[02-25 11:41:21]: [INFO] AuthMe 5.2 build n.1542 correctly enabled!
[02-25 11:41:24]: [WARN] Error getting message with key 'timeout'. Please update your config file 'messages_en.yml' (or run /authme messages)
[02-25 11:41:24]: [WARN] Error getting message with key 'login_msg'. Please update your config file 'messages_en.yml' (or run /authme messages)
[02-25 11:42:46]: [INFO] AuthMe 5.2-b1542 disabled!
[02-25 11:43:13]: [INFO] SQLite driver loaded
[02-25 11:43:13]: [INFO] SQLite Setup finished
[02-25 11:43:13]: [INFO] Hooked into Vault!
[02-25 11:43:13]: [INFO] Hooked successfully into Essentials
[02-25 11:43:13]: [INFO] Hooked successfully into Multiverse-Core
[02-25 11:43:13]: [INFO] Essentials spawn file not found: '/home/tw22885431/minecraft_bukkit_1.11.2/plugins/Essentials/spawn.yml'
[02-25 11:43:13]: [INFO] [LICENSE] This product uses data from the GeoLite API created by MaxMind, available at http://www.maxmind.com
[02-25 11:43:13]: [WARN] WARNING! The protectInventory feature requires ProtocolLib! Disabling it...
[02-25 11:43:14]: [INFO] Development builds are available on our jenkins, thanks to f14stelt.
[02-25 11:43:14]: [INFO] Do you want a good game server? Look at our sponsor GameHosting.it leader in Italy as Game Server Provider!
[02-25 11:43:14]: [INFO] AuthMe 5.2 build n.1542 correctly enabled!
[02-25 12:41:19]: [FINE] The user AppleNi_0806 has 2 accounts:
[02-25 12:41:19]: [FINE] §7§aAppleNi_0806§7, pineapple_0201.
[02-25 12:41:19]: [FINE] AppleNi_0806 logged in!
[02-25 13:30:25]: [FINE] PPbaby registered 124.6.1.241
[02-25 13:30:25]: [FINE] PPbaby logged in!
[02-27 19:59:55]: [FINE] Ghost_yoin used the wrong password
[02-27 20:00:06]: [FINE] Ghost_yoin logged in!
[02-27 20:04:35]: [FINE] The user AppleNi_0806 has 2 accounts:
[02-27 20:04:35]: [FINE] §7§aAppleNi_0806§7, pineapple_0201.
[02-27 20:04:35]: [FINE] AppleNi_0806 logged in!
[02-27 20:27:29]: [FINE] DawdleSauce logged in!
[02-27 21:07:08]: [FINE] DawdleSauce logged in!
[02-27 21:16:07]: [FINE] snowflake0421 registered 61.231.28.133
[02-27 21:16:07]: [FINE] snowflake0421 logged in!
[02-27 21:16:20]: [FINE] The user AppleNi_0806 has 2 accounts:
[02-27 21:16:20]: [FINE] §7§aAppleNi_0806§7, pineapple_0201.
[02-27 21:16:20]: [FINE] AppleNi_0806 logged in!
[02-27 21:29:55]: [FINE] axcr89674 logged in!
[02-27 21:46:09]: [FINE] PPbaby logged in!
[02-27 22:10:23]: [FINE] Austerity5200 logged in!
[02-27 23:20:01]: [FINE] axcr89674 logged in!
[02-27 23:23:18]: [FINE] axcr89674 logged in!
[02-28 00:38:29]: [FINE] AppleNi_0806 used the wrong password
[02-28 00:38:41]: [FINE] The user AppleNi_0806 has 2 accounts:
[02-28 00:38:41]: [FINE] §7§aAppleNi_0806§7, pineapple_0201.
[02-28 00:38:41]: [FINE] AppleNi_0806 logged in!
[02-28 12:58:09]: [INFO] AuthMe 5.2-b1542 disabled!
[02-28 13:03:07]: [INFO] SQLite driver loaded
[02-28 13:03:07]: [INFO] SQLite Setup finished
[02-28 13:03:07]: [INFO] Hooked into Vault!
[02-28 13:03:07]: [INFO] Hooked successfully into Essentials
[02-28 13:03:07]: [INFO] Hooked successfully into Multiverse-Core
[02-28 13:03:07]: [INFO] Essentials spawn file not found: '/home/tw22885431/minecraft_bukkit_1.11.2/plugins/Essentials/spawn.yml'
[02-28 13:03:07]: [INFO] [LICENSE] This product uses data from the GeoLite API created by MaxMind, available at http://www.maxmind.com
[02-28 13:03:08]: [WARN] WARNING! The protectInventory feature requires ProtocolLib! Disabling it...
[02-28 13:03:08]: [INFO] Development builds are available on our jenkins, thanks to f14stelt.
[02-28 13:03:08]: [INFO] Do you want a good game server? Look at our sponsor GameHosting.it leader in Italy as Game Server Provider!
[02-28 13:03:08]: [INFO] AuthMe 5.2 build n.1542 correctly enabled!
[02-28 19:57:12]: [FINE] Small_slag registered 61.63.113.92
[02-28 19:57:12]: [FINE] Small_slag logged in!
[02-28 19:59:10]: [FINE] axcr89674 logged in!
[02-28 20:05:30]: [FINE] DawdleSauce logged in!
[02-28 20:11:03]: [FINE] The user AppleNi_0806 has 2 accounts:
[02-28 20:11:03]: [FINE] §7§aAppleNi_0806§7, pineapple_0201.
[02-28 20:11:03]: [FINE] AppleNi_0806 logged in!
[02-28 20:36:13]: [FINE] The user Pineapple_0201 has 2 accounts:
[02-28 20:36:13]: [FINE] §7§aAppleNi_0806§7, §aPineapple_0201§7.
[02-28 20:36:13]: [FINE] Pineapple_0201 logged in!
[02-28 20:52:00]: [FINE] The user AppleNi_0806 has 2 accounts:
[02-28 20:52:00]: [FINE] §7§aAppleNi_0806§7, §aPineapple_0201§7.
[02-28 20:52:00]: [FINE] AppleNi_0806 logged in!
[02-28 22:29:42]: [FINE] The user Pineapple_0201 has 2 accounts:
[02-28 22:29:42]: [FINE] §7§aAppleNi_0806§7, §aPineapple_0201§7.
[02-28 22:29:42]: [FINE] Pineapple_0201 logged in!
[02-28 22:39:02]: [FINE] wendy1219 logged in!
[02-28 22:39:50]: [FINE] wendy1219 logged in!
[02-28 22:40:28]: [FINE] wendy1219 logged in!
[02-28 22:40:54]: [FINE] DawdleSauce logged in!
[02-28 22:41:31]: [FINE] wendy1219 logged in!
[02-28 22:41:31]: [FINE] wendy1219 logged in!
[02-28 22:42:29]: [FINE] wendy1219 logged in!
[02-28 22:44:02]: [FINE] wendy1219 used the wrong password
[02-28 22:44:12]: [FINE] wendy1219 logged in!
[02-28 22:48:13]: [FINE] wendy1219 logged in!
[03-01 19:59:53]: [FINE] Ghost_yoin used the wrong password
[03-01 20:00:03]: [FINE] Ghost_yoin logged in!
[03-01 20:13:08]: [FINE] The user AppleNi_0806 has 2 accounts:
[03-01 20:13:08]: [FINE] §7§aAppleNi_0806§7, pineapple_0201.
[03-01 20:13:08]: [FINE] AppleNi_0806 logged in!
[03-01 20:14:29]: [FINE] axcr89674 logged in!
[03-01 20:19:37]: [FINE] The user Pineapple_0201 has 2 accounts:
[03-01 20:19:37]: [FINE] §7§aAppleNi_0806§7, §aPineapple_0201§7.
[03-01 20:19:37]: [FINE] Pineapple_0201 logged in!
[03-01 20:23:15]: [FINE] ula0809 registered 36.227.62.248
[03-01 20:23:15]: [FINE] ula0809 logged in!
[03-01 20:28:09]: [FINE] Austerity5200 logged in!
[03-01 21:02:30]: [FINE] ula0809 logged in!
[03-01 21:20:46]: [FINE] DawdleSauce used the wrong password
[03-01 21:21:17]: [FINE] DawdleSauce logged in!
[03-01 21:32:12]: [FINE] ula0809 logged in!
[03-01 21:52:45]: [FINE] Ghost_yoin logged in!
[03-01 22:26:00]: [FINE] wendy1219 logged in!
[03-02 10:26:10]: [INFO] AuthMe 5.2-b1542 disabled!
[03-02 10:29:23]: [INFO] SQLite driver loaded
[03-02 10:29:23]: [INFO] SQLite Setup finished
[03-02 10:29:23]: [INFO] Hooked into Vault!
[03-02 10:29:23]: [INFO] Hooked successfully into Essentials
[03-02 10:29:23]: [INFO] Hooked successfully into Multiverse-Core
[03-02 10:29:23]: [INFO] Essentials spawn file not found: '/home/tw22885431/minecraft_bukkit_1.11.2/plugins/Essentials/spawn.yml'
[03-02 10:29:23]: [INFO] [LICENSE] This product uses data from the GeoLite API created by MaxMind, available at http://www.maxmind.com
[03-02 10:29:23]: [WARN] WARNING! The protectInventory feature requires ProtocolLib! Disabling it...
[03-02 10:29:23]: [INFO] Development builds are available on our jenkins, thanks to f14stelt.
[03-02 10:29:23]: [INFO] Do you want a good game server? Look at our sponsor GameHosting.it leader in Italy as Game Server Provider!
[03-02 10:29:23]: [INFO] AuthMe 5.2 build n.1542 correctly enabled!
[03-02 10:30:43]: [FINE] Ellis_Fahregart logged in!
[03-02 10:36:39]: [INFO] AuthMe 5.2-b1542 disabled!
[03-02 10:38:01]: [INFO] SQLite driver loaded
[03-02 10:38:01]: [INFO] SQLite Setup finished
[03-02 10:38:01]: [INFO] Hooked into Vault!
[03-02 10:38:01]: [INFO] Hooked successfully into Essentials
[03-02 10:38:01]: [INFO] Hooked successfully into Multiverse-Core
[03-02 10:38:01]: [INFO] [LICENSE] This product uses data from the GeoLite API created by MaxMind, available at http://www.maxmind.com
[03-02 10:38:01]: [WARN] WARNING! The protectInventory feature requires ProtocolLib! Disabling it...
[03-02 10:38:01]: [INFO] Development builds are available on our jenkins, thanks to f14stelt.
[03-02 10:38:01]: [INFO] Do you want a good game server? Look at our sponsor GameHosting.it leader in Italy as Game Server Provider!
[03-02 10:38:01]: [INFO] AuthMe 5.2 build n.1542 correctly enabled!
[03-02 10:38:31]: [FINE] Ellis_Fahregart logged in!
[03-02 20:04:37]: [FINE] Ghost_yoin logged in!
[03-02 20:11:19]: [FINE] Ellis_Fahregart logged in!
[03-02 20:24:41]: [FINE] The user AppleNi_0806 has 2 accounts:
[03-02 20:24:41]: [FINE] §7§aAppleNi_0806§7, pineapple_0201.
[03-02 20:24:41]: [FINE] AppleNi_0806 logged in!
[03-02 20:54:12]: [FINE] ula0809 logged in!
[03-02 20:55:38]: [FINE] snowflake0421 logged in!
[03-02 21:33:36]: [FINE] PPbaby logged in!
[03-02 21:48:08]: [FINE] DawdleSauce logged in!
[03-02 21:48:45]: [FINE] Small_slag logged in!
[03-02 21:49:22]: [FINE] axcr89674 logged in!
[03-02 22:02:33]: [FINE] wendy1219 logged in!
[03-02 22:36:22]: [FINE] PPbaby logged in!
[03-03 16:44:42]: [FINE] The user AppleNi_0806 has 2 accounts:
[03-03 16:44:42]: [FINE] §7§aAppleNi_0806§7, pineapple_0201.
[03-03 16:44:42]: [FINE] AppleNi_0806 logged in!
[03-03 20:05:46]: [FINE] Ghost_yoin used the wrong password
[03-03 20:05:54]: [FINE] Ghost_yoin logged in!
[03-03 20:07:48]: [FINE] Ellis_Fahregart logged in!
[03-03 20:17:01]: [INFO] AuthMe 5.2-b1542 disabled!
[03-03 20:21:37]: [INFO] SQLite driver loaded
[03-03 20:21:37]: [INFO] SQLite Setup finished
[03-03 20:21:37]: [INFO] Hooked into Vault!
[03-03 20:21:37]: [INFO] [LICENSE] This product uses data from the GeoLite API created by MaxMind, available at http://www.maxmind.com
[03-03 20:21:37]: [INFO] Hooked successfully into Essentials
[03-03 20:21:37]: [INFO] Hooked successfully into Multiverse-Core
[03-03 20:21:37]: [WARN] WARNING! The protectInventory feature requires ProtocolLib! Disabling it...
[03-03 20:21:37]: [INFO] Development builds are available on our jenkins, thanks to f14stelt.
[03-03 20:21:37]: [INFO] Do you want a good game server? Look at our sponsor GameHosting.it leader in Italy as Game Server Provider!
[03-03 20:21:37]: [INFO] AuthMe 5.2 build n.1542 correctly enabled!
[03-03 20:23:13]: [FINE] Ghost_yoin used the wrong password
[03-03 20:23:25]: [FINE] Ghost_yoin used the wrong password
[03-03 20:24:10]: [FINE] Ghost_yoin used the wrong password
[03-03 20:24:21]: [FINE] Ghost_yoin used the wrong password
[03-03 20:24:33]: [FINE] Ghost_yoin logged in!
[03-03 20:26:34]: [FINE] Ellis_Fahregart logged in!
[03-03 20:32:07]: [FINE] The user AppleNi_0806 has 2 accounts:
[03-03 20:32:07]: [FINE] §7§aAppleNi_0806§7, pineapple_0201.
[03-03 20:32:07]: [FINE] AppleNi_0806 logged in!
[03-03 20:37:01]: [INFO] AuthMe 5.2-b1542 disabled!
[03-03 20:37:37]: [INFO] SQLite driver loaded
[03-03 20:37:37]: [INFO] SQLite Setup finished
[03-03 20:37:37]: [INFO] Hooked into Vault!
[03-03 20:37:37]: [INFO] Hooked successfully into Essentials
[03-03 20:37:37]: [INFO] Hooked successfully into Multiverse-Core
[03-03 20:37:37]: [INFO] [LICENSE] This product uses data from the GeoLite API created by MaxMind, available at http://www.maxmind.com
[03-03 20:37:37]: [WARN] WARNING! The protectInventory feature requires ProtocolLib! Disabling it...
[03-03 20:37:37]: [INFO] Development builds are available on our jenkins, thanks to f14stelt.
[03-03 20:37:37]: [INFO] Do you want a good game server? Look at our sponsor GameHosting.it leader in Italy as Game Server Provider!
[03-03 20:37:37]: [INFO] AuthMe 5.2 build n.1542 correctly enabled!
[03-03 20:37:47]: [FINE] Ellis_Fahregart logged in!
[03-03 20:38:22]: [FINE] Ghost_yoin logged in!
[03-03 20:41:50]: [FINE] The user AppleNi_0806 has 2 accounts:
[03-03 20:41:50]: [FINE] §7§aAppleNi_0806§7, pineapple_0201.
[03-03 20:41:50]: [FINE] AppleNi_0806 logged in!
[03-03 20:43:15]: [FINE] PPbaby logged in!
[03-03 21:04:33]: [FINE] Ghost_yoin logged in!
[03-03 21:11:08]: [FINE] PPbaby logged in!
[03-03 21:15:32]: [FINE] Small_slag logged in!
[03-03 21:29:28]: [FINE] Ellis_Fahregart logged in!
[03-03 21:30:59]: [FINE] PPbaby logged in!
[03-03 21:42:50]: [FINE] PPbaby logged in!
[03-03 21:47:02]: [FINE] PPbaby logged in!
[03-03 21:48:30]: [FINE] axcr89674 logged in!
[03-03 21:49:02]: [FINE] The user AppleNi_0806 has 2 accounts:
[03-03 21:49:02]: [FINE] §7§aAppleNi_0806§7, pineapple_0201.
[03-03 21:49:02]: [FINE] AppleNi_0806 logged in!
[03-03 21:51:10]: [INFO] AuthMe 5.2-b1542 disabled!
[03-03 21:51:20]: [INFO] SQLite driver loaded
[03-03 21:51:20]: [INFO] SQLite Setup finished
[03-03 21:51:20]: [INFO] Hooked into Vault!
[03-03 21:51:20]: [INFO] Hooked successfully into Essentials
[03-03 21:51:20]: [INFO] Hooked successfully into Multiverse-Core
[03-03 21:51:20]: [INFO] [LICENSE] This product uses data from the GeoLite API created by MaxMind, available at http://www.maxmind.com
[03-03 21:51:20]: [WARN] WARNING! The protectInventory feature requires ProtocolLib! Disabling it...
[03-03 21:51:20]: [INFO] Development builds are available on our jenkins, thanks to f14stelt.
[03-03 21:51:20]: [INFO] Do you want a good game server? Look at our sponsor GameHosting.it leader in Italy as Game Server Provider!
[03-03 21:51:20]: [INFO] AuthMe 5.2 build n.1542 correctly enabled!
[03-03 21:51:58]: [FINE] Ellis_Fahregart logged in!
[03-03 21:52:04]: [FINE] axcr89674 logged in!
[03-03 21:52:22]: [FINE] Ghost_yoin logged in!
[03-03 21:52:24]: [FINE] Small_slag logged in!
[03-03 21:52:38]: [FINE] The user AppleNi_0806 has 2 accounts:
[03-03 21:52:38]: [FINE] §7§aAppleNi_0806§7, pineapple_0201.
[03-03 21:52:38]: [FINE] AppleNi_0806 logged in!
[03-03 21:52:56]: [FINE] PPbaby logged in!
[03-03 21:57:42]: [FINE] The user AppleNi_0806 has 2 accounts:
[03-03 21:57:42]: [FINE] §7§aAppleNi_0806§7, pineapple_0201.
[03-03 21:57:42]: [FINE] AppleNi_0806 logged in!
[03-03 22:20:57]: [FINE] ula0809 logged in!
[03-03 22:24:38]: [FINE] ula0809 logged in!
[03-03 22:26:25]: [FINE] DawdleSauce logged in!
[03-03 22:26:32]: [INFO] AuthMe 5.2-b1542 disabled!
[03-03 22:27:09]: [INFO] SQLite driver loaded
[03-03 22:27:09]: [INFO] SQLite Setup finished
[03-03 22:27:09]: [INFO] Hooked into Vault!
[03-03 22:27:09]: [INFO] Hooked successfully into Essentials
[03-03 22:27:09]: [INFO] Hooked successfully into Multiverse-Core
[03-03 22:27:09]: [INFO] [LICENSE] This product uses data from the GeoLite API created by MaxMind, available at http://www.maxmind.com
[03-03 22:27:10]: [WARN] WARNING! The protectInventory feature requires ProtocolLib! Disabling it...
[03-03 22:27:10]: [INFO] Development builds are available on our jenkins, thanks to f14stelt.
[03-03 22:27:10]: [INFO] Do you want a good game server? Look at our sponsor GameHosting.it leader in Italy as Game Server Provider!
[03-03 22:27:10]: [INFO] AuthMe 5.2 build n.1542 correctly enabled!
[03-03 22:27:27]: [FINE] Small_slag logged in!
[03-03 22:27:39]: [FINE] DawdleSauce logged in!
[03-03 22:30:28]: [FINE] Ghost_yoin logged in!
[03-03 22:30:33]: [FINE] Ellis_Fahregart logged in!
[03-03 22:32:29]: [FINE] qwe70638 registered 114.38.186.157
[03-03 22:32:29]: [FINE] qwe70638 logged in!
[03-03 22:36:05]: [FINE] The user AppleNi_0806 has 2 accounts:
[03-03 22:36:05]: [FINE] §7§aAppleNi_0806§7, pineapple_0201.
[03-03 22:36:05]: [FINE] AppleNi_0806 logged in!
[03-03 22:41:36]: [FINE] Austerity5200 logged in!
[03-03 23:11:31]: [FINE] wendy1219 logged in!
[03-03 23:28:08]: [FINE] DawdleSauce logged in!
[03-03 23:36:31]: [FINE] PPbaby logged in!
[03-04 17:52:45]: [FINE] Small_slag logged in!
[03-04 19:43:07]: [FINE] qwe70638 logged in!
[03-04 20:34:27]: [FINE] Small_slag logged in!
[03-04 20:41:25]: [FINE] DawdleSauce logged in!
[03-04 21:38:40]: [FINE] The user AppleNi_0806 has 2 accounts:
[03-04 21:38:40]: [FINE] §7§aAppleNi_0806§7, pineapple_0201.
[03-04 21:38:40]: [FINE] AppleNi_0806 logged in!
[03-04 21:46:10]: [FINE] DawdleSauce logged in!
[03-04 22:20:17]: [FINE] qwe70638 logged in!
[03-04 22:22:06]: [FINE] Austerity5200 logged in!
[03-04 22:27:08]: [FINE] PPbaby logged in!
[03-04 22:35:50]: [FINE] Ghost_yoin logged in!
[03-04 22:46:01]: [FINE] Austerity5200 logged in!
[03-04 22:53:03]: [FINE] wendy1219 logged in!
[03-04 23:46:25]: [FINE] DawdleSauce logged in!
[03-05 20:20:28]: [FINE] Ghost_yoin logged in!
[03-05 20:36:25]: [FINE] wendy1219 logged in!
[03-05 20:37:12]: [FINE] wendy1219 logged in!
[03-05 20:39:22]: [FINE] Austerity5200 logged in!
[03-05 20:41:42]: [FINE] wendy1219 logged in!
[03-05 20:43:35]: [FINE] wendy1219 logged in!
[03-05 20:44:31]: [FINE] AppleNi_0806 used the wrong password
[03-05 20:44:41]: [FINE] The user AppleNi_0806 has 2 accounts:
[03-05 20:44:41]: [FINE] §7§aAppleNi_0806§7, pineapple_0201.
[03-05 20:44:41]: [FINE] AppleNi_0806 logged in!
[03-05 20:46:20]: [FINE] ula0809 logged in!
[03-05 20:46:51]: [FINE] wendy1219 logged in!
[03-05 20:58:23]: [FINE] qwe70638 logged in!
[03-05 21:08:53]: [FINE] Small_slag logged in!
[03-05 21:40:09]: [FINE] wendy1219 logged in!
[03-05 21:43:32]: [FINE] axcr89674 logged in!
[03-05 21:57:10]: [FINE] PPbaby logged in!
[03-05 22:01:59]: [FINE] The user AppleNi_0806 has 2 accounts:
[03-05 22:01:59]: [FINE] §7§aAppleNi_0806§7, pineapple_0201.
[03-05 22:01:59]: [FINE] AppleNi_0806 logged in!
[03-05 22:12:17]: [FINE] Small_slag logged in!
[03-05 22:19:36]: [FINE] The user AppleNi_0806 has 2 accounts:
[03-05 22:19:36]: [FINE] §7§aAppleNi_0806§7, pineapple_0201.
[03-05 22:19:36]: [FINE] AppleNi_0806 logged in!
[03-05 22:36:41]: [FINE] PPbaby logged in!
[03-05 22:40:44]: [FINE] DawdleSauce logged in!
[03-05 22:51:23]: [FINE] Ghost_yoin logged in!
[03-05 23:18:57]: [FINE] DawdleSauce logged in!
[03-05 23:22:55]: [FINE] Small_slag logged in!
[03-06 18:25:15]: [FINE] wendy1219 logged in!
[03-06 18:54:29]: [FINE] Austerity5200 logged in!
[03-06 19:28:46]: [FINE] wendy1219 logged in!
[03-06 20:02:37]: [FINE] Ghost_yoin logged in!
[03-06 20:03:05]: [FINE] The user AppleNi_0806 has 2 accounts:
[03-06 20:03:05]: [FINE] §7§aAppleNi_0806§7, pineapple_0201.
[03-06 20:03:05]: [FINE] AppleNi_0806 logged in!
[03-06 20:05:39]: [FINE] Austerity5200 logged in!
[03-06 20:07:32]: [FINE] qwe70638 logged in!
[03-06 20:14:36]: [FINE] Ellis_Fahregart logged in!
[03-06 20:17:39]: [FINE] DawdleSauce logged in!
[03-06 20:41:59]: [WARN] Player 'Ghost_yoin' wasn't online during login process, aborted...
[03-06 20:42:22]: [FINE] Ghost_yoin logged in!
[03-06 20:42:30]: [FINE] AppleNi_0806 used the wrong password
[03-06 20:42:30]: [FINE] Austerity5200 logged in!
[03-06 20:42:34]: [FINE] qwe70638 logged in!
[03-06 20:42:38]: [FINE] The user AppleNi_0806 has 2 accounts:
[03-06 20:42:38]: [FINE] §7§aAppleNi_0806§7, pineapple_0201.
[03-06 20:42:38]: [FINE] AppleNi_0806 logged in!
[03-06 20:42:47]: [FINE] DawdleSauce logged in!
[03-06 20:43:29]: [FINE] wendy1219 logged in!
[03-06 20:49:50]: [FINE] ula0809 logged in!
[03-06 21:03:06]: [FINE] wendy1219 logged in!
[03-06 21:05:01]: [FINE] Austerity5200 logged in!
[03-06 21:05:44]: [FINE] The user AppleNi_0806 has 2 accounts:
[03-06 21:05:44]: [FINE] §7§aAppleNi_0806§7, pineapple_0201.
[03-06 21:05:44]: [FINE] AppleNi_0806 logged in!
[03-06 21:06:04]: [FINE] wendy1219 logged in!
[03-06 21:06:57]: [FINE] Ghost_yoin logged in!
[03-06 21:08:18]: [FINE] axcr89674 used the wrong password
[03-06 21:08:25]: [FINE] wendy1219 logged in!
[03-06 21:08:41]: [FINE] axcr89674 logged in!
[03-06 21:08:50]: [FINE] Ghost_yoin logged in!
[03-06 21:09:12]: [FINE] ula0809 logged in!
[03-06 21:09:57]: [FINE] Ghost_yoin logged in!
[03-06 21:11:40]: [FINE] ula0809 logged in!
[03-06 21:13:38]: [FINE] Austerity5200 logged in!
[03-06 21:14:14]: [FINE] ula0809 logged in!
[03-06 21:14:18]: [FINE] Austerity5200 logged in!
[03-06 21:26:58]: [FINE] aoiringo registered 111.255.245.24
[03-06 21:26:58]: [FINE] aoiringo logged in!
[03-06 21:31:57]: [FINE] aoiringo logged in!
[03-06 21:45:51]: [FINE] AppleNi_0806 used the wrong password
[03-06 21:46:01]: [FINE] The user AppleNi_0806 has 2 accounts:
[03-06 21:46:01]: [FINE] §7§aAppleNi_0806§7, pineapple_0201.
[03-06 21:46:01]: [FINE] AppleNi_0806 logged in!
[03-06 21:57:17]: [FINE] aoiringo logged in!
[03-06 21:58:40]: [FINE] aoiringo logged in!
[03-06 21:59:14]: [FINE] The user AppleNi_0806 has 2 accounts:
[03-06 21:59:14]: [FINE] §7§aAppleNi_0806§7, pineapple_0201.
[03-06 21:59:14]: [FINE] AppleNi_0806 logged in!
[03-06 22:01:19]: [FINE] aoiringo logged in!
[03-07 20:17:21]: [FINE] Ghost_yoin used the wrong password
[03-07 20:17:29]: [FINE] Ghost_yoin logged in!
[03-07 20:34:57]: [FINE] DawdleSauce logged in!
[03-07 20:36:41]: [FINE] The user AppleNi_0806 has 2 accounts:
[03-07 20:36:41]: [FINE] §7§aAppleNi_0806§7, pineapple_0201.
[03-07 20:36:41]: [FINE] AppleNi_0806 logged in!
[03-07 20:47:00]: [FINE] Ghost_yoin logged in!
[03-07 20:58:15]: [FINE] Ghost_yoin logged in!
[03-07 21:00:22]: [FINE] NANA__Emy registered 219.69.71.59
[03-07 21:00:22]: [FINE] NANA__Emy logged in!
[03-07 21:01:45]: [FINE] Neroilotsowo registered 114.25.176.4
[03-07 21:01:45]: [FINE] Neroilotsowo logged in!
[03-07 21:26:34]: [FINE] Small_slag logged in!
[03-07 21:32:01]: [FINE] wendy1219 logged in!
[03-07 21:35:42]: [FINE] NANA__Emy logged in!
[03-07 21:36:46]: [FINE] NANA__Emy logged in!
[03-07 21:37:41]: [FINE] NANA__Emy logged in!
[03-07 21:38:34]: [FINE] wendy1219 logged in!
[03-07 21:38:50]: [FINE] Ghost_yoin logged in!
[03-07 21:40:30]: [FINE] Ghost_yoin logged in!
[03-07 22:01:48]: [FINE] The user AppleNi_0806 has 2 accounts:
[03-07 22:01:48]: [FINE] §7§aAppleNi_0806§7, pineapple_0201.
[03-07 22:01:48]: [FINE] AppleNi_0806 logged in!
[03-07 22:03:04]: [FINE] DawdleSauce logged in!
[03-08 17:32:40]: [FINE] Austerity5200 logged in!
[03-08 19:41:02]: [FINE] Small_slag logged in!
[03-08 20:21:47]: [FINE] Ghost_yoin logged in!
[03-08 20:27:30]: [FINE] Austerity5200 logged in!
[03-08 20:31:59]: [FINE] NANA__Emy logged in!
[03-09 12:44:56]: [INFO] AuthMe 5.2-b1542 disabled!
[03-09 12:45:54]: [INFO] SQLite driver loaded
[03-09 12:45:54]: [INFO] SQLite Setup finished
[03-09 12:45:54]: [INFO] Hooked into Vault!
[03-09 12:45:54]: [INFO] Hooked successfully into Essentials
[03-09 12:45:54]: [INFO] Hooked successfully into Multiverse-Core
[03-09 12:45:54]: [INFO] [LICENSE] This product uses data from the GeoLite API created by MaxMind, available at http://www.maxmind.com
[03-09 12:45:54]: [WARN] WARNING! The protectInventory feature requires ProtocolLib! Disabling it...
[03-09 12:45:55]: [INFO] Development builds are available on our jenkins, thanks to f14stelt.
[03-09 12:45:55]: [INFO] Do you want a good game server? Look at our sponsor GameHosting.it leader in Italy as Game Server Provider!
[03-09 12:45:55]: [INFO] AuthMe 5.2 build n.1542 correctly enabled!
